[debug] [2021-02-28T13:40:41.879Z] ----------------------------------------------------------------------
[debug] [2021-02-28T13:40:41.952Z] Command:       C:\Program Files\nodejs\node.exe C:\Users\noufa\AppData\Roaming\npm\node_modules\firebase-tools\lib\bin\firebase.js deploy
[debug] [2021-02-28T13:40:41.954Z] CLI Version:   9.5.0
[debug] [2021-02-28T13:40:41.955Z] Platform:      win32
[debug] [2021-02-28T13:40:41.956Z] Node Version:  v14.15.4
[debug] [2021-02-28T13:40:42.807Z] Time:          Sun Feb 28 2021 19:10:41 GMT+0530 (India Standard Time)
[debug] [2021-02-28T13:40:42.809Z] ----------------------------------------------------------------------
[debug] [2021-02-28T13:40:42.809Z] 
[debug] [2021-02-28T13:40:43.014Z] > command requires scopes: ["email","openid","https://www.googleapis.com/auth/cloudplatformprojects.readonly","https://www.googleapis.com/auth/firebase","https://www.googleapis.com/auth/cloud-platform"]
[debug] [2021-02-28T13:40:43.018Z] > authorizing via signed-in user
[debug] [2021-02-28T13:40:43.019Z] [iam] checking project chemistry-for-cse for permissions ["cloudfunctions.functions.create","cloudfunctions.functions.delete","cloudfunctions.functions.get","cloudfunctions.functions.list","cloudfunctions.functions.update","cloudfunctions.operations.get","datastore.indexes.create","datastore.indexes.delete","datastore.indexes.list","datastore.indexes.update","firebase.projects.get","firebasehosting.sites.update"]
[debug] [2021-02-28T13:40:43.276Z] >>> HTTP REQUEST POST https://cloudresourcemanager.googleapis.com/v1/projects/chemistry-for-cse:testIamPermissions  
 {"permissions":["cloudfunctions.functions.create","cloudfunctions.functions.delete","cloudfunctions.functions.get","cloudfunctions.functions.list","cloudfunctions.functions.update","cloudfunctions.operations.get","datastore.indexes.create","datastore.indexes.delete","datastore.indexes.list","datastore.indexes.update","firebase.projects.get","firebasehosting.sites.update"]}
[debug] [2021-02-28T13:40:46.602Z] <<< HTTP RESPONSE 200 {"content-type":"application/json; charset=UTF-8","vary":"X-Origin, Referer, Origin,Accept-Encoding","date":"Sun, 28 Feb 2021 13:40:46 GMT","server":"ESF","cache-control":"private","x-xss-protection":"0","x-frame-options":"SAMEORIGIN","x-content-type-options":"nosniff","server-timing":"gfet4t7; dur=1129","alt-svc":"h3-29=\":443\"; ma=2592000,h3-T051=\":443\"; ma=2592000,h3-Q050=\":443\"; ma=2592000,h3-Q046=\":443\"; ma=2592000,h3-Q043=\":443\"; ma=2592000,quic=\":443\"; ma=2592000; v=\"46,43\"","accept-ranges":"none","transfer-encoding":"chunked"}
[debug] [2021-02-28T13:40:46.611Z] >>> HTTP REQUEST POST https://iam.googleapis.com/v1/projects/chemistry-for-cse/serviceAccounts/chemistry-for-cse@appspot.gserviceaccount.com:testIamPermissions  
 {"permissions":["iam.serviceAccounts.actAs"]}
[debug] [2021-02-28T13:40:48.368Z] <<< HTTP RESPONSE 200 {"content-type":"application/json; charset=UTF-8","vary":"X-Origin, Referer, Origin,Accept-Encoding","date":"Sun, 28 Feb 2021 13:40:48 GMT","server":"ESF","cache-control":"private","x-xss-protection":"0","x-frame-options":"SAMEORIGIN","x-content-type-options":"nosniff","alt-svc":"h3-29=\":443\"; ma=2592000,h3-T051=\":443\"; ma=2592000,h3-Q050=\":443\"; ma=2592000,h3-Q046=\":443\"; ma=2592000,h3-Q043=\":443\"; ma=2592000,quic=\":443\"; ma=2592000; v=\"46,43\"","accept-ranges":"none","transfer-encoding":"chunked"}
[debug] [2021-02-28T13:40:48.373Z] > refreshing access token with scopes: []
[debug] [2021-02-28T13:40:48.374Z] >>> HTTP REQUEST POST https://www.googleapis.com/oauth2/v3/token  
 <request body omitted>
[debug] [2021-02-28T13:40:48.709Z] <<< HTTP RESPONSE 200 {"pragma":"no-cache","expires":"Mon, 01 Jan 1990 00:00:00 GMT","date":"Sun, 28 Feb 2021 13:40:49 GMT","cache-control":"no-cache, no-store, max-age=0, must-revalidate","content-type":"application/json; charset=utf-8","vary":"X-Origin, Referer, Origin,Accept-Encoding","server":"scaffolding on HTTPServer2","x-xss-protection":"0","x-frame-options":"SAMEORIGIN","x-content-type-options":"nosniff","alt-svc":"h3-29=\":443\"; ma=2592000,h3-T051=\":443\"; ma=2592000,h3-Q050=\":443\"; ma=2592000,h3-Q046=\":443\"; ma=2592000,h3-Q043=\":443\"; ma=2592000,quic=\":443\"; ma=2592000; v=\"46,43\"","accept-ranges":"none","transfer-encoding":"chunked"}
[debug] [2021-02-28T13:40:48.936Z] >>> [apiv2][query] GET https://firebase.googleapis.com/v1beta1/projects/chemistry-for-cse [none]
[debug] [2021-02-28T13:40:49.897Z] <<< [apiv2][status] GET https://firebase.googleapis.com/v1beta1/projects/chemistry-for-cse 200
[debug] [2021-02-28T13:40:49.898Z] <<< [apiv2][body] GET https://firebase.googleapis.com/v1beta1/projects/chemistry-for-cse {"projectId":"chemistry-for-cse","projectNumber":"363350377432","displayName":"Chemistry for CSE","name":"projects/chemistry-for-cse","resources":{"hostingSite":"chemistry-for-cse","realtimeDatabaseInstance":"chemistry-for-cse-default-rtdb","storageBucket":"chemistry-for-cse.appspot.com","locationId":"us-central"},"state":"ACTIVE"}
[debug] [2021-02-28T13:40:50.335Z] TypeError [ERR_INVALID_ARG_TYPE]: The "path" argument must be of type string. Received undefined
    at validateString (internal/validators.js:124:11)
    at Object.join (path.js:375:7)
    at Object.checkFunctionsSDKVersion [as fn] (C:\Users\noufa\AppData\Roaming\npm\node_modules\firebase-tools\lib\checkFirebaseSDKVersion.js:34:28)
    at C:\Users\noufa\AppData\Roaming\npm\node_modules\firebase-tools\lib\command.js:161:30
    at processTicksAndRejections (internal/process/task_queues.js:93:5)
[error] 
[error] Error: An unexpected error has occurred.
[debug] [2021-02-28T13:42:48.992Z] ----------------------------------------------------------------------
[debug] [2021-02-28T13:42:49.066Z] Command:       C:\Program Files\nodejs\node.exe C:\Users\noufa\AppData\Roaming\npm\node_modules\firebase-tools\lib\bin\firebase.js deploy
[debug] [2021-02-28T13:42:49.068Z] CLI Version:   9.5.0
[debug] [2021-02-28T13:42:49.068Z] Platform:      win32
[debug] [2021-02-28T13:42:49.069Z] Node Version:  v14.15.4
[debug] [2021-02-28T13:42:50.007Z] Time:          Sun Feb 28 2021 19:12:49 GMT+0530 (India Standard Time)
[debug] [2021-02-28T13:42:50.009Z] ----------------------------------------------------------------------
[debug] [2021-02-28T13:42:50.010Z] 
[debug] [2021-02-28T13:42:50.228Z] > command requires scopes: ["email","openid","https://www.googleapis.com/auth/cloudplatformprojects.readonly","https://www.googleapis.com/auth/firebase","https://www.googleapis.com/auth/cloud-platform"]
[debug] [2021-02-28T13:42:50.231Z] > authorizing via signed-in user
[debug] [2021-02-28T13:42:50.232Z] [iam] checking project chemistry-for-cse for permissions ["cloudfunctions.functions.create","cloudfunctions.functions.delete","cloudfunctions.functions.get","cloudfunctions.functions.list","cloudfunctions.functions.update","cloudfunctions.operations.get","datastore.indexes.create","datastore.indexes.delete","datastore.indexes.list","datastore.indexes.update","firebase.projects.get","firebasehosting.sites.update"]
[debug] [2021-02-28T13:42:50.467Z] > refreshing access token with scopes: ["email","https://www.googleapis.com/auth/cloud-platform","https://www.googleapis.com/auth/cloudplatformprojects.readonly","https://www.googleapis.com/auth/firebase","openid"]
[debug] [2021-02-28T13:42:50.469Z] >>> HTTP REQUEST POST https://www.googleapis.com/oauth2/v3/token  
 <request body omitted>
[debug] [2021-02-28T13:42:54.638Z] <<< HTTP RESPONSE 200 {"expires":"Mon, 01 Jan 1990 00:00:00 GMT","pragma":"no-cache","cache-control":"no-cache, no-store, max-age=0, must-revalidate","date":"Sun, 28 Feb 2021 13:42:53 GMT","content-type":"application/json; charset=utf-8","vary":"X-Origin, Referer, Origin,Accept-Encoding","server":"scaffolding on HTTPServer2","x-xss-protection":"0","x-frame-options":"SAMEORIGIN","x-content-type-options":"nosniff","alt-svc":"h3-29=\":443\"; ma=2592000,h3-T051=\":443\"; ma=2592000,h3-Q050=\":443\"; ma=2592000,h3-Q046=\":443\"; ma=2592000,h3-Q043=\":443\"; ma=2592000,quic=\":443\"; ma=2592000; v=\"46,43\"","accept-ranges":"none","transfer-encoding":"chunked"}
[debug] [2021-02-28T13:42:54.988Z] >>> HTTP REQUEST POST https://cloudresourcemanager.googleapis.com/v1/projects/chemistry-for-cse:testIamPermissions  
 {"permissions":["cloudfunctions.functions.create","cloudfunctions.functions.delete","cloudfunctions.functions.get","cloudfunctions.functions.list","cloudfunctions.functions.update","cloudfunctions.operations.get","datastore.indexes.create","datastore.indexes.delete","datastore.indexes.list","datastore.indexes.update","firebase.projects.get","firebasehosting.sites.update"]}
[debug] [2021-02-28T13:42:56.680Z] <<< HTTP RESPONSE 200 {"content-type":"application/json; charset=UTF-8","vary":"X-Origin, Referer, Origin,Accept-Encoding","date":"Sun, 28 Feb 2021 13:42:56 GMT","server":"ESF","cache-control":"private","x-xss-protection":"0","x-frame-options":"SAMEORIGIN","x-content-type-options":"nosniff","server-timing":"gfet4t7; dur=1130","alt-svc":"h3-29=\":443\"; ma=2592000,h3-T051=\":443\"; ma=2592000,h3-Q050=\":443\"; ma=2592000,h3-Q046=\":443\"; ma=2592000,h3-Q043=\":443\"; ma=2592000,quic=\":443\"; ma=2592000; v=\"46,43\"","accept-ranges":"none","transfer-encoding":"chunked"}
[debug] [2021-02-28T13:42:56.685Z] >>> HTTP REQUEST POST https://iam.googleapis.com/v1/projects/chemistry-for-cse/serviceAccounts/chemistry-for-cse@appspot.gserviceaccount.com:testIamPermissions  
 {"permissions":["iam.serviceAccounts.actAs"]}
[debug] [2021-02-28T13:42:58.303Z] <<< HTTP RESPONSE 200 {"content-type":"application/json; charset=UTF-8","vary":"X-Origin, Referer, Origin,Accept-Encoding","date":"Sun, 28 Feb 2021 13:42:58 GMT","server":"ESF","cache-control":"private","x-xss-protection":"0","x-frame-options":"SAMEORIGIN","x-content-type-options":"nosniff","alt-svc":"h3-29=\":443\"; ma=2592000,h3-T051=\":443\"; ma=2592000,h3-Q050=\":443\"; ma=2592000,h3-Q046=\":443\"; ma=2592000,h3-Q043=\":443\"; ma=2592000,quic=\":443\"; ma=2592000; v=\"46,43\"","accept-ranges":"none","transfer-encoding":"chunked"}
[debug] [2021-02-28T13:42:58.310Z] > refreshing access token with scopes: []
[debug] [2021-02-28T13:42:58.312Z] >>> HTTP REQUEST POST https://www.googleapis.com/oauth2/v3/token  
 <request body omitted>
[debug] [2021-02-28T13:42:58.588Z] <<< HTTP RESPONSE 200 {"pragma":"no-cache","cache-control":"no-cache, no-store, max-age=0, must-revalidate","expires":"Mon, 01 Jan 1990 00:00:00 GMT","date":"Sun, 28 Feb 2021 13:42:58 GMT","content-type":"application/json; charset=utf-8","vary":"X-Origin, Referer, Origin,Accept-Encoding","server":"scaffolding on HTTPServer2","x-xss-protection":"0","x-frame-options":"SAMEORIGIN","x-content-type-options":"nosniff","alt-svc":"h3-29=\":443\"; ma=2592000,h3-T051=\":443\"; ma=2592000,h3-Q050=\":443\"; ma=2592000,h3-Q046=\":443\"; ma=2592000,h3-Q043=\":443\"; ma=2592000,quic=\":443\"; ma=2592000; v=\"46,43\"","accept-ranges":"none","transfer-encoding":"chunked"}
[debug] [2021-02-28T13:42:58.723Z] >>> [apiv2][query] GET https://firebase.googleapis.com/v1beta1/projects/chemistry-for-cse [none]
[debug] [2021-02-28T13:42:59.732Z] <<< [apiv2][status] GET https://firebase.googleapis.com/v1beta1/projects/chemistry-for-cse 200
[debug] [2021-02-28T13:42:59.733Z] <<< [apiv2][body] GET https://firebase.googleapis.com/v1beta1/projects/chemistry-for-cse {"projectId":"chemistry-for-cse","projectNumber":"363350377432","displayName":"Chemistry for CSE","name":"projects/chemistry-for-cse","resources":{"hostingSite":"chemistry-for-cse","realtimeDatabaseInstance":"chemistry-for-cse-default-rtdb","storageBucket":"chemistry-for-cse.appspot.com","locationId":"us-central"},"state":"ACTIVE"}
[debug] [2021-02-28T13:43:00.166Z] TypeError [ERR_INVALID_ARG_TYPE]: The "path" argument must be of type string. Received undefined
    at validateString (internal/validators.js:124:11)
    at Object.join (path.js:375:7)
    at Object.checkFunctionsSDKVersion [as fn] (C:\Users\noufa\AppData\Roaming\npm\node_modules\firebase-tools\lib\checkFirebaseSDKVersion.js:34:28)
    at C:\Users\noufa\AppData\Roaming\npm\node_modules\firebase-tools\lib\command.js:161:30
    at processTicksAndRejections (internal/process/task_queues.js:93:5)
[error] 
[error] Error: An unexpected error has occurred.
[debug] [2021-02-28T13:50:54.248Z] ----------------------------------------------------------------------
[debug] [2021-02-28T13:50:54.337Z] Command:       C:\Program Files\nodejs\node.exe C:\Users\noufa\AppData\Roaming\npm\node_modules\firebase-tools\lib\bin\firebase.js deploy
[debug] [2021-02-28T13:50:54.339Z] CLI Version:   9.5.0
[debug] [2021-02-28T13:50:54.339Z] Platform:      win32
[debug] [2021-02-28T13:50:54.340Z] Node Version:  v14.15.4
[debug] [2021-02-28T13:50:54.876Z] Time:          Sun Feb 28 2021 19:20:54 GMT+0530 (India Standard Time)
[debug] [2021-02-28T13:50:54.878Z] ----------------------------------------------------------------------
[debug] [2021-02-28T13:50:54.878Z] 
[debug] [2021-02-28T13:50:55.114Z] > command requires scopes: ["email","openid","https://www.googleapis.com/auth/cloudplatformprojects.readonly","https://www.googleapis.com/auth/firebase","https://www.googleapis.com/auth/cloud-platform"]
[debug] [2021-02-28T13:50:55.116Z] > authorizing via signed-in user
[debug] [2021-02-28T13:50:55.116Z] [iam] checking project chemistry-for-cse for permissions ["cloudfunctions.functions.create","cloudfunctions.functions.delete","cloudfunctions.functions.get","cloudfunctions.functions.list","cloudfunctions.functions.update","cloudfunctions.operations.get","datastore.indexes.create","datastore.indexes.delete","datastore.indexes.list","datastore.indexes.update","firebase.projects.get","firebasehosting.sites.update"]
[debug] [2021-02-28T13:50:55.261Z] > refreshing access token with scopes: ["email","https://www.googleapis.com/auth/cloud-platform","https://www.googleapis.com/auth/cloudplatformprojects.readonly","https://www.googleapis.com/auth/firebase","openid"]
[debug] [2021-02-28T13:50:55.264Z] >>> HTTP REQUEST POST https://www.googleapis.com/oauth2/v3/token  
 <request body omitted>
[debug] [2021-02-28T13:50:57.019Z] <<< HTTP RESPONSE 200 {"cache-control":"no-cache, no-store, max-age=0, must-revalidate","pragma":"no-cache","expires":"Mon, 01 Jan 1990 00:00:00 GMT","date":"Sun, 28 Feb 2021 13:50:57 GMT","content-type":"application/json; charset=utf-8","vary":"X-Origin, Referer, Origin,Accept-Encoding","server":"scaffolding on HTTPServer2","x-xss-protection":"0","x-frame-options":"SAMEORIGIN","x-content-type-options":"nosniff","alt-svc":"h3-29=\":443\"; ma=2592000,h3-T051=\":443\"; ma=2592000,h3-Q050=\":443\"; ma=2592000,h3-Q046=\":443\"; ma=2592000,h3-Q043=\":443\"; ma=2592000,quic=\":443\"; ma=2592000; v=\"46,43\"","accept-ranges":"none","transfer-encoding":"chunked"}
[debug] [2021-02-28T13:50:57.336Z] >>> HTTP REQUEST POST https://cloudresourcemanager.googleapis.com/v1/projects/chemistry-for-cse:testIamPermissions  
 {"permissions":["cloudfunctions.functions.create","cloudfunctions.functions.delete","cloudfunctions.functions.get","cloudfunctions.functions.list","cloudfunctions.functions.update","cloudfunctions.operations.get","datastore.indexes.create","datastore.indexes.delete","datastore.indexes.list","datastore.indexes.update","firebase.projects.get","firebasehosting.sites.update"]}
[debug] [2021-02-28T13:50:59.003Z] <<< HTTP RESPONSE 200 {"content-type":"application/json; charset=UTF-8","vary":"X-Origin, Referer, Origin,Accept-Encoding","date":"Sun, 28 Feb 2021 13:50:59 GMT","server":"ESF","cache-control":"private","x-xss-protection":"0","x-frame-options":"SAMEORIGIN","x-content-type-options":"nosniff","server-timing":"gfet4t7; dur=1156","alt-svc":"h3-29=\":443\"; ma=2592000,h3-T051=\":443\"; ma=2592000,h3-Q050=\":443\"; ma=2592000,h3-Q046=\":443\"; ma=2592000,h3-Q043=\":443\"; ma=2592000,quic=\":443\"; ma=2592000; v=\"46,43\"","accept-ranges":"none","transfer-encoding":"chunked"}
[debug] [2021-02-28T13:50:59.008Z] >>> HTTP REQUEST POST https://iam.googleapis.com/v1/projects/chemistry-for-cse/serviceAccounts/chemistry-for-cse@appspot.gserviceaccount.com:testIamPermissions  
 {"permissions":["iam.serviceAccounts.actAs"]}
[debug] [2021-02-28T13:51:00.737Z] <<< HTTP RESPONSE 200 {"content-type":"application/json; charset=UTF-8","vary":"X-Origin, Referer, Origin,Accept-Encoding","date":"Sun, 28 Feb 2021 13:51:01 GMT","server":"ESF","cache-control":"private","x-xss-protection":"0","x-frame-options":"SAMEORIGIN","x-content-type-options":"nosniff","alt-svc":"h3-29=\":443\"; ma=2592000,h3-T051=\":443\"; ma=2592000,h3-Q050=\":443\"; ma=2592000,h3-Q046=\":443\"; ma=2592000,h3-Q043=\":443\"; ma=2592000,quic=\":443\"; ma=2592000; v=\"46,43\"","accept-ranges":"none","transfer-encoding":"chunked"}
[debug] [2021-02-28T13:51:00.743Z] > refreshing access token with scopes: []
[debug] [2021-02-28T13:51:00.744Z] >>> HTTP REQUEST POST https://www.googleapis.com/oauth2/v3/token  
 <request body omitted>
[debug] [2021-02-28T13:51:01.007Z] <<< HTTP RESPONSE 200 {"cache-control":"no-cache, no-store, max-age=0, must-revalidate","date":"Sun, 28 Feb 2021 13:51:01 GMT","pragma":"no-cache","expires":"Mon, 01 Jan 1990 00:00:00 GMT","content-type":"application/json; charset=utf-8","vary":"X-Origin, Referer, Origin,Accept-Encoding","server":"scaffolding on HTTPServer2","x-xss-protection":"0","x-frame-options":"SAMEORIGIN","x-content-type-options":"nosniff","alt-svc":"h3-29=\":443\"; ma=2592000,h3-T051=\":443\"; ma=2592000,h3-Q050=\":443\"; ma=2592000,h3-Q046=\":443\"; ma=2592000,h3-Q043=\":443\"; ma=2592000,quic=\":443\"; ma=2592000; v=\"46,43\"","accept-ranges":"none","transfer-encoding":"chunked"}
[debug] [2021-02-28T13:51:01.142Z] >>> [apiv2][query] GET https://firebase.googleapis.com/v1beta1/projects/chemistry-for-cse [none]
[debug] [2021-02-28T13:51:01.696Z] <<< [apiv2][status] GET https://firebase.googleapis.com/v1beta1/projects/chemistry-for-cse 200
[debug] [2021-02-28T13:51:01.703Z] <<< [apiv2][body] GET https://firebase.googleapis.com/v1beta1/projects/chemistry-for-cse {"projectId":"chemistry-for-cse","projectNumber":"363350377432","displayName":"Chemistry for CSE","name":"projects/chemistry-for-cse","resources":{"hostingSite":"chemistry-for-cse","realtimeDatabaseInstance":"chemistry-for-cse-default-rtdb","storageBucket":"chemistry-for-cse.appspot.com","locationId":"us-central"},"state":"ACTIVE"}
[debug] [2021-02-28T13:51:02.046Z] TypeError [ERR_INVALID_ARG_TYPE]: The "path" argument must be of type string. Received undefined
    at validateString (internal/validators.js:124:11)
    at Object.join (path.js:375:7)
    at Object.checkFunctionsSDKVersion [as fn] (C:\Users\noufa\AppData\Roaming\npm\node_modules\firebase-tools\lib\checkFirebaseSDKVersion.js:34:28)
    at C:\Users\noufa\AppData\Roaming\npm\node_modules\firebase-tools\lib\command.js:161:30
    at processTicksAndRejections (internal/process/task_queues.js:93:5)
[error] 
[error] Error: An unexpected error has occurred.
